<?xml version="1.0" encoding="UTF-8"?>
<!-- Generated by org.testng.reporters.JUnitXMLReporter -->
<testsuite ignored="0" hostname="SamruddhiMisal" failures="1" tests="3" name="Surefire test" time="33.436" errors="0" timestamp="2024-01-06T19:28:15 EST">
  <testcase classname="io.cucumber.testng.AbstractTestNGCucumberTests" name="runScenario" time="20.696"/>
  <testcase classname="io.cucumber.testng.AbstractTestNGCucumberTests" name="runScenario" time="29.832"/>
  <testcase classname="io.cucumber.testng.AbstractTestNGCucumberTests" name="runScenario" time="31.087">
    <failure type="java.lang.AssertionError" message="expected [No data] but found [Beetroot]">
      <![CDATA[java.lang.AssertionError: expected [No data] but found [Beetroot]
at StepDefinitions.OffersPageStepDef.validateProductName(OffersPageStepDef.java:55)
at âœ½.Validate that the product name in Offers page matches with Home page(file:///C:/SamruddhiMisal/Projects/BDDcucumber/CucumberAutomationFramework/src/test/java/Features/searchProduct.feature:8)
... Removed 6 stack frames]]>
    </failure>
  </testcase> <!-- runScenario -->
</testsuite> <!-- Surefire test -->
