-------------------------------------------------------------------------------
Test set: TestSuite
-------------------------------------------------------------------------------
Tests run: 3, Failures: 1, Errors: 0, Skipped: 0, Time elapsed: 34.338 s <<< FAILURE! - in TestSuite
CucumberOptions.TestNGTestRunner.runScenario["Search product in both Home and Offers page", "Search and Place the order for Products"](3)  Time elapsed: 31.089 s  <<< FAILURE!
java.lang.AssertionError: expected [No data] but found [Beetroot]

